https://raw.githubusercontent.com/TreeBASE/supertreebase/master/data/treebase/S12943.xml
/branchinecta/shared/venv-physcraper/lib64/python3.6/site-packages/Bio/Entrez/__init__.py:631: UserWarning: 
Email address is not specified.

To make use of NCBI's E-utilities, NCBI requires you to specify your
email address with each request.  As an example, if your email address
is A.N.Other@example.com, you can specify it as follows:
   from Bio import Entrez
   Entrez.email = 'A.N.Other@example.com'
In case of excessive usage of the E-utilities, NCBI will attempt to contact
a user at the email address provided before blocking access to the
E-utilities.
  UserWarning,
/branchinecta/shared/venv-physcraper/lib64/python3.6/site-packages/Bio/Entrez/__init__.py:631: UserWarning: 
Email address is not specified.

To make use of NCBI's E-utilities, NCBI requires you to specify your
email address with each request.  As an example, if your email address
is A.N.Other@example.com, you can specify it as follows:
   from Bio import Entrez
   Entrez.email = 'A.N.Other@example.com'
In case of excessive usage of the E-utilities, NCBI will attempt to contact
a user at the email address provided before blocking access to the
E-utilities.
  UserWarning,
/branchinecta/shared/venv-physcraper/lib64/python3.6/site-packages/Bio/Entrez/__init__.py:631: UserWarning: 
Email address is not specified.

To make use of NCBI's E-utilities, NCBI requires you to specify your
email address with each request.  As an example, if your email address
is A.N.Other@example.com, you can specify it as follows:
   from Bio import Entrez
   Entrez.email = 'A.N.Other@example.com'
In case of excessive usage of the E-utilities, NCBI will attempt to contact
a user at the email address provided before blocking access to the
E-utilities.
  UserWarning,
/branchinecta/shared/venv-physcraper/lib64/python3.6/site-packages/Bio/Entrez/__init__.py:631: UserWarning: 
Email address is not specified.

To make use of NCBI's E-utilities, NCBI requires you to specify your
email address with each request.  As an example, if your email address
is A.N.Other@example.com, you can specify it as follows:
   from Bio import Entrez
   Entrez.email = 'A.N.Other@example.com'
In case of excessive usage of the E-utilities, NCBI will attempt to contact
a user at the email address provided before blocking access to the
E-utilities.
  UserWarning,
/branchinecta/shared/venv-physcraper/lib64/python3.6/site-packages/Bio/Entrez/__init__.py:631: UserWarning: 
Email address is not specified.

To make use of NCBI's E-utilities, NCBI requires you to specify your
email address with each request.  As an example, if your email address
is A.N.Other@example.com, you can specify it as follows:
   from Bio import Entrez
   Entrez.email = 'A.N.Other@example.com'
In case of excessive usage of the E-utilities, NCBI will attempt to contact
a user at the email address provided before blocking access to the
E-utilities.
  UserWarning,
/branchinecta/shared/venv-physcraper/lib64/python3.6/site-packages/Bio/Entrez/__init__.py:631: UserWarning: 
Email address is not specified.

To make use of NCBI's E-utilities, NCBI requires you to specify your
email address with each request.  As an example, if your email address
is A.N.Other@example.com, you can specify it as follows:
   from Bio import Entrez
   Entrez.email = 'A.N.Other@example.com'
In case of excessive usage of the E-utilities, NCBI will attempt to contact
a user at the email address provided before blocking access to the
E-utilities.
  UserWarning,
/branchinecta/shared/venv-physcraper/lib64/python3.6/site-packages/Bio/Entrez/__init__.py:631: UserWarning: 
Email address is not specified.

To make use of NCBI's E-utilities, NCBI requires you to specify your
email address with each request.  As an example, if your email address
is A.N.Other@example.com, you can specify it as follows:
   from Bio import Entrez
   Entrez.email = 'A.N.Other@example.com'
In case of excessive usage of the E-utilities, NCBI will attempt to contact
a user at the email address provided before blocking access to the
E-utilities.
  UserWarning,
/branchinecta/shared/venv-physcraper/lib64/python3.6/site-packages/Bio/Entrez/__init__.py:631: UserWarning: 
Email address is not specified.

To make use of NCBI's E-utilities, NCBI requires you to specify your
email address with each request.  As an example, if your email address
is A.N.Other@example.com, you can specify it as follows:
   from Bio import Entrez
   Entrez.email = 'A.N.Other@example.com'
In case of excessive usage of the E-utilities, NCBI will attempt to contact
a user at the email address provided before blocking access to the
E-utilities.
  UserWarning,
/branchinecta/shared/venv-physcraper/lib64/python3.6/site-packages/Bio/Entrez/__init__.py:631: UserWarning: 
Email address is not specified.

To make use of NCBI's E-utilities, NCBI requires you to specify your
email address with each request.  As an example, if your email address
is A.N.Other@example.com, you can specify it as follows:
   from Bio import Entrez
   Entrez.email = 'A.N.Other@example.com'
In case of excessive usage of the E-utilities, NCBI will attempt to contact
a user at the email address provided before blocking access to the
E-utilities.
  UserWarning,
/branchinecta/shared/venv-physcraper/lib64/python3.6/site-packages/Bio/Entrez/__init__.py:631: UserWarning: 
Email address is not specified.

To make use of NCBI's E-utilities, NCBI requires you to specify your
email address with each request.  As an example, if your email address
is A.N.Other@example.com, you can specify it as follows:
   from Bio import Entrez
   Entrez.email = 'A.N.Other@example.com'
In case of excessive usage of the E-utilities, NCBI will attempt to contact
a user at the email address provided before blocking access to the
E-utilities.
  UserWarning,
/branchinecta/shared/venv-physcraper/lib64/python3.6/site-packages/Bio/Entrez/__init__.py:631: UserWarning: 
Email address is not specified.

To make use of NCBI's E-utilities, NCBI requires you to specify your
email address with each request.  As an example, if your email address
is A.N.Other@example.com, you can specify it as follows:
   from Bio import Entrez
   Entrez.email = 'A.N.Other@example.com'
In case of excessive usage of the E-utilities, NCBI will attempt to contact
a user at the email address provided before blocking access to the
E-utilities.
  UserWarning,
/branchinecta/shared/venv-physcraper/lib64/python3.6/site-packages/Bio/Entrez/__init__.py:631: UserWarning: 
Email address is not specified.

To make use of NCBI's E-utilities, NCBI requires you to specify your
email address with each request.  As an example, if your email address
is A.N.Other@example.com, you can specify it as follows:
   from Bio import Entrez
   Entrez.email = 'A.N.Other@example.com'
In case of excessive usage of the E-utilities, NCBI will attempt to contact
a user at the email address provided before blocking access to the
E-utilities.
  UserWarning,
/branchinecta/shared/venv-physcraper/lib64/python3.6/site-packages/Bio/Entrez/__init__.py:631: UserWarning: 
Email address is not specified.

To make use of NCBI's E-utilities, NCBI requires you to specify your
email address with each request.  As an example, if your email address
is A.N.Other@example.com, you can specify it as follows:
   from Bio import Entrez
   Entrez.email = 'A.N.Other@example.com'
In case of excessive usage of the E-utilities, NCBI will attempt to contact
a user at the email address provided before blocking access to the
E-utilities.
  UserWarning,
/branchinecta/shared/venv-physcraper/lib64/python3.6/site-packages/Bio/Entrez/__init__.py:631: UserWarning: 
Email address is not specified.

To make use of NCBI's E-utilities, NCBI requires you to specify your
email address with each request.  As an example, if your email address
is A.N.Other@example.com, you can specify it as follows:
   from Bio import Entrez
   Entrez.email = 'A.N.Other@example.com'
In case of excessive usage of the E-utilities, NCBI will attempt to contact
a user at the email address provided before blocking access to the
E-utilities.
  UserWarning,
/branchinecta/shared/venv-physcraper/lib64/python3.6/site-packages/Bio/Entrez/__init__.py:631: UserWarning: 
Email address is not specified.

To make use of NCBI's E-utilities, NCBI requires you to specify your
email address with each request.  As an example, if your email address
is A.N.Other@example.com, you can specify it as follows:
   from Bio import Entrez
   Entrez.email = 'A.N.Other@example.com'
In case of excessive usage of the E-utilities, NCBI will attempt to contact
a user at the email address provided before blocking access to the
E-utilities.
  UserWarning,
/branchinecta/shared/venv-physcraper/lib64/python3.6/site-packages/Bio/Entrez/__init__.py:631: UserWarning: 
Email address is not specified.

To make use of NCBI's E-utilities, NCBI requires you to specify your
email address with each request.  As an example, if your email address
is A.N.Other@example.com, you can specify it as follows:
   from Bio import Entrez
   Entrez.email = 'A.N.Other@example.com'
In case of excessive usage of the E-utilities, NCBI will attempt to contact
a user at the email address provided before blocking access to the
E-utilities.
  UserWarning,
/branchinecta/shared/venv-physcraper/lib64/python3.6/site-packages/Bio/Entrez/__init__.py:631: UserWarning: 
Email address is not specified.

To make use of NCBI's E-utilities, NCBI requires you to specify your
email address with each request.  As an example, if your email address
is A.N.Other@example.com, you can specify it as follows:
   from Bio import Entrez
   Entrez.email = 'A.N.Other@example.com'
In case of excessive usage of the E-utilities, NCBI will attempt to contact
a user at the email address provided before blocking access to the
E-utilities.
  UserWarning,

real	1030m23.001s
user	238m33.220s
sys	208m5.543s
